<?xml version="1.0" encoding="UTF-8"?>
<testsuite name="org.example.controller.TaskControllerTest" tests="1" skipped="0" failures="0" errors="0" timestamp="2025-06-02T23:05:40" hostname="mb0b0974470" time="0.078">
  <properties/>
  <testcase name="testCrearTareaPorServicio_Retorna201()" classname="org.example.controller.TaskControllerTest" time="0.078"/>
  <system-out><![CDATA[18:05:39.180 [Test worker] INFO org.springframework.test.context.support.AnnotationConfigContextLoaderUtils -- Could not detect default configuration classes for test class [org.example.controller.TaskControllerTest]: TaskControllerTest does not declare any static, non-private, non-final, nested classes annotated with @Configuration.
18:05:39.228 [Test worker] INFO org.springframework.boot.test.context.SpringBootTestContextBootstrapper -- Found @SpringBootConfiguration org.example.Main for test class org.example.controller.TaskControllerTest

  .   ____          _            __ _ _
 /\\ / ___'_ __ _ _(_)_ __  __ _ \ \ \ \
( ( )\___ | '_ | '_| | '_ \/ _` | \ \ \ \
 \\/  ___)| |_)| | | | | || (_| |  ) ) ) )
  '  |____| .__|_| |_|_| |_\__, | / / / /
 =========|_|==============|___/=/_/_/_/
 :: Spring Boot ::                (v3.2.5)

2025-06-02T18:05:39.346-05:00  INFO 49504 --- [    Test worker] o.example.controller.TaskControllerTest  : Starting TaskControllerTest using Java 17.0.10 with PID 49504 (started by jcarvaja in /Users/jcarvaja/Documents/Repositorios/TDDyBDD-Practica)
2025-06-02T18:05:39.346-05:00  INFO 49504 --- [    Test worker] o.example.controller.TaskControllerTest  : No active profile set, falling back to 1 default profile: "default"
2025-06-02T18:05:40.123-05:00  INFO 49504 --- [    Test worker] o.s.b.t.m.w.SpringBootMockServletContext : Initializing Spring TestDispatcherServlet ''
2025-06-02T18:05:40.124-05:00  INFO 49504 --- [    Test worker] o.s.t.web.servlet.TestDispatcherServlet  : Initializing Servlet ''
2025-06-02T18:05:40.125-05:00  INFO 49504 --- [    Test worker] o.s.t.web.servlet.TestDispatcherServlet  : Completed initialization in 0 ms
2025-06-02T18:05:40.138-05:00  INFO 49504 --- [    Test worker] o.example.controller.TaskControllerTest  : Started TaskControllerTest in 0.88 seconds (process running for 1.28)
]]></system-out>
  <system-err><![CDATA[]]></system-err>
</testsuite>
